[0.430s] DEBUG:colcon:Command line arguments: ['/usr/bin/colcon', 'build', '--symlink-install']
[0.431s] DEBUG:colcon:Parsed command line arguments: Namespace(log_base=None, log_level=None, verb_name='build', build_base='build', install_base='install', merge_install=False, symlink_install=True, test_result_base=None, continue_on_error=False, executor='parallel', parallel_workers=4, event_handlers=None, ignore_user_meta=False, metas=['./colcon.meta'], base_paths=['.'], packages_ignore=None, packages_ignore_regex=None, paths=None, packages_up_to=None, packages_up_to_regex=None, packages_above=None, packages_above_and_dependencies=None, packages_above_depth=None, packages_select_by_dep=None, packages_skip_by_dep=None, packages_skip_up_to=None, packages_select_build_failed=False, packages_skip_build_finished=False, packages_select_test_failures=False, packages_skip_test_passed=False, packages_select=None, packages_skip=None, packages_select_regex=None, packages_skip_regex=None, packages_start=None, packages_end=None, allow_overriding=[], cmake_args=None, cmake_target=None, cmake_target_skip_unavailable=False, cmake_clean_cache=False, cmake_clean_first=False, cmake_force_configure=False, ament_cmake_args=None, catkin_cmake_args=None, catkin_skip_building_tests=False, verb_parser=<colcon_defaults.argument_parser.defaults.DefaultArgumentsDecorator object at 0xffff93770250>, verb_extension=<colcon_core.verb.build.BuildVerb object at 0xffff938b0e20>, main=<bound method BuildVerb.main of <colcon_core.verb.build.BuildVerb object at 0xffff938b0e20>>)
[1.234s] Level 1:colcon.colcon_core.package_discovery:discover_packages(colcon_meta) check parameters
[1.235s] Level 1:colcon.colcon_core.package_discovery:discover_packages(recursive) check parameters
[1.235s] Level 1:colcon.colcon_core.package_discovery:discover_packages(ignore) check parameters
[1.235s] Level 1:colcon.colcon_core.package_discovery:discover_packages(path) check parameters
[1.235s] Level 1:colcon.colcon_core.package_discovery:discover_packages(colcon_meta) discover
[1.235s] Level 1:colcon.colcon_core.package_discovery:discover_packages(recursive) discover
[1.236s] INFO:colcon.colcon_core.package_discovery:Crawling recursively for packages in '/home/pk/Toy-car/ros2_ws'
[1.236s] Level 1:colcon.colcon_core.package_identification:_identify(.) by extensions ['ignore', 'ignore_ament_install']
[1.236s] Level 1:colcon.colcon_core.package_identification:_identify(.) by extension 'ignore'
[1.237s] Level 1:colcon.colcon_core.package_identification:_identify(.) by extension 'ignore_ament_install'
[1.237s] Level 1:colcon.colcon_core.package_identification:_identify(.) by extensions ['colcon_pkg']
[1.237s] Level 1:colcon.colcon_core.package_identification:_identify(.) by extension 'colcon_pkg'
[1.237s] Level 1:colcon.colcon_core.package_identification:_identify(.) by extensions ['colcon_meta']
[1.237s] Level 1:colcon.colcon_core.package_identification:_identify(.) by extension 'colcon_meta'
[1.237s] Level 1:colcon.colcon_core.package_identification:_identify(.) by extensions ['ros']
[1.237s] Level 1:colcon.colcon_core.package_identification:_identify(.) by extension 'ros'
[1.284s] Level 1:colcon.colcon_core.package_identification:_identify(.) by extensions ['cmake', 'python']
[1.284s] Level 1:colcon.colcon_core.package_identification:_identify(.) by extension 'cmake'
[1.284s] Level 1:colcon.colcon_core.package_identification:_identify(.) by extension 'python'
[1.284s] Level 1:colcon.colcon_core.package_identification:_identify(.) by extensions ['python_setup_py']
[1.284s] Level 1:colcon.colcon_core.package_identification:_identify(.) by extension 'python_setup_py'
[1.285s] Level 1:colcon.colcon_core.package_identification:_identify(build) by extensions ['ignore', 'ignore_ament_install']
[1.285s] Level 1:colcon.colcon_core.package_identification:_identify(build) by extension 'ignore'
[1.286s] Level 1:colcon.colcon_core.package_identification:_identify(build) ignored
[1.286s] Level 1:colcon.colcon_core.package_identification:_identify(install) by extensions ['ignore', 'ignore_ament_install']
[1.286s] Level 1:colcon.colcon_core.package_identification:_identify(install) by extension 'ignore'
[1.287s] Level 1:colcon.colcon_core.package_identification:_identify(install) ignored
[1.287s] Level 1:colcon.colcon_core.package_identification:_identify(log) by extensions ['ignore', 'ignore_ament_install']
[1.287s] Level 1:colcon.colcon_core.package_identification:_identify(log) by extension 'ignore'
[1.287s] Level 1:colcon.colcon_core.package_identification:_identify(log) ignored
[1.288s] Level 1:colcon.colcon_core.package_identification:_identify(src) by extensions ['ignore', 'ignore_ament_install']
[1.288s] Level 1:colcon.colcon_core.package_identification:_identify(src) by extension 'ignore'
[1.288s] Level 1:colcon.colcon_core.package_identification:_identify(src) by extension 'ignore_ament_install'
[1.288s] Level 1:colcon.colcon_core.package_identification:_identify(src) by extensions ['colcon_pkg']
[1.289s] Level 1:colcon.colcon_core.package_identification:_identify(src) by extension 'colcon_pkg'
[1.289s] Level 1:colcon.colcon_core.package_identification:_identify(src) by extensions ['colcon_meta']
[1.289s] Level 1:colcon.colcon_core.package_identification:_identify(src) by extension 'colcon_meta'
[1.289s] Level 1:colcon.colcon_core.package_identification:_identify(src) by extensions ['ros']
[1.289s] Level 1:colcon.colcon_core.package_identification:_identify(src) by extension 'ros'
[1.289s] Level 1:colcon.colcon_core.package_identification:_identify(src) by extensions ['cmake', 'python']
[1.290s] Level 1:colcon.colcon_core.package_identification:_identify(src) by extension 'cmake'
[1.290s] Level 1:colcon.colcon_core.package_identification:_identify(src) by extension 'python'
[1.290s] Level 1:colcon.colcon_core.package_identification:_identify(src) by extensions ['python_setup_py']
[1.290s] Level 1:colcon.colcon_core.package_identification:_identify(src) by extension 'python_setup_py'
[1.291s] Level 1:colcon.colcon_core.package_identification:_identify(src/robot_control) by extensions ['ignore', 'ignore_ament_install']
[1.291s] Level 1:colcon.colcon_core.package_identification:_identify(src/robot_control) by extension 'ignore'
[1.291s] Level 1:colcon.colcon_core.package_identification:_identify(src/robot_control) by extension 'ignore_ament_install'
[1.291s] Level 1:colcon.colcon_core.package_identification:_identify(src/robot_control) by extensions ['colcon_pkg']
[1.291s] Level 1:colcon.colcon_core.package_identification:_identify(src/robot_control) by extension 'colcon_pkg'
[1.292s] Level 1:colcon.colcon_core.package_identification:_identify(src/robot_control) by extensions ['colcon_meta']
[1.292s] Level 1:colcon.colcon_core.package_identification:_identify(src/robot_control) by extension 'colcon_meta'
[1.292s] Level 1:colcon.colcon_core.package_identification:_identify(src/robot_control) by extensions ['ros']
[1.292s] Level 1:colcon.colcon_core.package_identification:_identify(src/robot_control) by extension 'ros'
[1.301s] DEBUG:colcon.colcon_core.package_identification:Package 'src/robot_control' with type 'ros.ament_python' and name 'robot_control'
[1.301s] Level 1:colcon.colcon_core.package_discovery:discover_packages(recursive) using defaults
[1.301s] Level 1:colcon.colcon_core.package_discovery:discover_packages(ignore) discover
[1.301s] Level 1:colcon.colcon_core.package_discovery:discover_packages(ignore) using defaults
[1.301s] Level 1:colcon.colcon_core.package_discovery:discover_packages(path) discover
[1.301s] Level 1:colcon.colcon_core.package_discovery:discover_packages(path) using defaults
[1.375s] Level 1:colcon.colcon_core.package_discovery:discover_packages(prefix_path) check parameters
[1.376s] Level 1:colcon.colcon_core.package_discovery:discover_packages(prefix_path) discover
[1.380s] WARNING:colcon.colcon_ros.prefix_path.ament:The path '/home/pk/Toy-car/ros2_ws/install/robot_control' in the environment variable AMENT_PREFIX_PATH doesn't exist
[1.383s] DEBUG:colcon.colcon_installed_package_information.package_discovery:Found 0 installed packages in /home/pk/Toy-car/ros2_ws/install
[1.392s] DEBUG:colcon.colcon_installed_package_information.package_discovery:Found 275 installed packages in /opt/ros/humble
[1.439s] Level 1:colcon.colcon_core.package_discovery:discover_packages(prefix_path) using defaults
[1.600s] Level 5:colcon.colcon_core.verb:set package 'robot_control' build argument 'cmake_args' from command line to 'None'
[1.601s] Level 5:colcon.colcon_core.verb:set package 'robot_control' build argument 'cmake_target' from command line to 'None'
[1.601s] Level 5:colcon.colcon_core.verb:set package 'robot_control' build argument 'cmake_target_skip_unavailable' from command line to 'False'
[1.601s] Level 5:colcon.colcon_core.verb:set package 'robot_control' build argument 'cmake_clean_cache' from command line to 'False'
[1.601s] Level 5:colcon.colcon_core.verb:set package 'robot_control' build argument 'cmake_clean_first' from command line to 'False'
[1.601s] Level 5:colcon.colcon_core.verb:set package 'robot_control' build argument 'cmake_force_configure' from command line to 'False'
[1.601s] Level 5:colcon.colcon_core.verb:set package 'robot_control' build argument 'ament_cmake_args' from command line to 'None'
[1.601s] Level 5:colcon.colcon_core.verb:set package 'robot_control' build argument 'catkin_cmake_args' from command line to 'None'
[1.601s] Level 5:colcon.colcon_core.verb:set package 'robot_control' build argument 'catkin_skip_building_tests' from command line to 'False'
[1.601s] DEBUG:colcon.colcon_core.verb:Building package 'robot_control' with the following arguments: {'ament_cmake_args': None, 'build_base': '/home/pk/Toy-car/ros2_ws/build/robot_control', 'catkin_cmake_args': None, 'catkin_skip_building_tests': False, 'cmake_args': None, 'cmake_clean_cache': False, 'cmake_clean_first': False, 'cmake_force_configure': False, 'cmake_target': None, 'cmake_target_skip_unavailable': False, 'install_base': '/home/pk/Toy-car/ros2_ws/install/robot_control', 'merge_install': False, 'path': '/home/pk/Toy-car/ros2_ws/src/robot_control', 'symlink_install': True, 'test_result_base': None}
[1.602s] INFO:colcon.colcon_core.executor:Executing jobs using 'parallel' executor
[1.605s] DEBUG:colcon.colcon_parallel_executor.executor.parallel:run_until_complete
[1.606s] INFO:colcon.colcon_ros.task.ament_python.build:Building ROS package in '/home/pk/Toy-car/ros2_ws/src/robot_control' with build type 'ament_python'
[1.606s] Level 1:colcon.colcon_core.shell:create_environment_hook('robot_control', 'ament_prefix_path')
[1.615s] INFO:colcon.colcon_core.plugin_system:Skipping extension 'colcon_core.shell.bat': Not used on non-Windows systems
[1.616s] INFO:colcon.colcon_core.shell:Creating environment hook '/home/pk/Toy-car/ros2_ws/install/robot_control/share/robot_control/hook/ament_prefix_path.ps1'
[1.619s] INFO:colcon.colcon_core.shell:Creating environment descriptor '/home/pk/Toy-car/ros2_ws/install/robot_control/share/robot_control/hook/ament_prefix_path.dsv'
[1.621s] INFO:colcon.colcon_core.shell:Creating environment hook '/home/pk/Toy-car/ros2_ws/install/robot_control/share/robot_control/hook/ament_prefix_path.sh'
[1.624s] INFO:colcon.colcon_core.shell:Skip shell extension 'powershell' for command environment: Not usable outside of PowerShell
[1.624s] DEBUG:colcon.colcon_core.shell:Skip shell extension 'dsv' for command environment
[2.815s] INFO:colcon.colcon_core.task.python.build:Building Python package in '/home/pk/Toy-car/ros2_ws/src/robot_control'
[2.816s] INFO:colcon.colcon_core.shell:Skip shell extension 'powershell' for command environment: Not usable outside of PowerShell
[2.817s] DEBUG:colcon.colcon_core.shell:Skip shell extension 'dsv' for command environment
[4.416s] DEBUG:colcon.colcon_core.event_handler.log_command:Invoking command in '/home/pk/Toy-car/ros2_ws/build/robot_control': PYTHONPATH=/home/pk/Toy-car/ros2_ws/build/robot_control/prefix_override:/usr/lib/python3/dist-packages/colcon_core/task/python/colcon_distutils_commands:/home/pk/Toy-car/ros2_ws/install/robot_control/lib/python3.10/site-packages:${PYTHONPATH} /usr/bin/python3 -W ignore:setup.py install is deprecated setup.py develop --editable --build-directory /home/pk/Toy-car/ros2_ws/build/robot_control/build --no-deps symlink_data
[6.511s] Level 1:colcon.colcon_core.shell:create_environment_hook('robot_control', 'pythonpath_develop')
[6.512s] INFO:colcon.colcon_core.shell:Creating environment hook '/home/pk/Toy-car/ros2_ws/build/robot_control/share/robot_control/hook/pythonpath_develop.ps1'
[6.513s] DEBUG:colcon.colcon_core.event_handler.log_command:Invoked command in '/home/pk/Toy-car/ros2_ws/build/robot_control' returned '0': PYTHONPATH=/home/pk/Toy-car/ros2_ws/build/robot_control/prefix_override:/usr/lib/python3/dist-packages/colcon_core/task/python/colcon_distutils_commands:/home/pk/Toy-car/ros2_ws/install/robot_control/lib/python3.10/site-packages:${PYTHONPATH} /usr/bin/python3 -W ignore:setup.py install is deprecated setup.py develop --editable --build-directory /home/pk/Toy-car/ros2_ws/build/robot_control/build --no-deps symlink_data
[6.515s] INFO:colcon.colcon_core.shell:Creating environment descriptor '/home/pk/Toy-car/ros2_ws/build/robot_control/share/robot_control/hook/pythonpath_develop.dsv'
[6.516s] INFO:colcon.colcon_core.shell:Creating environment hook '/home/pk/Toy-car/ros2_ws/build/robot_control/share/robot_control/hook/pythonpath_develop.sh'
[6.527s] Level 1:colcon.colcon_core.environment:checking '/home/pk/Toy-car/ros2_ws/install/robot_control' for CMake module files
[6.529s] Level 1:colcon.colcon_core.environment:checking '/home/pk/Toy-car/ros2_ws/install/robot_control' for CMake config files
[6.533s] Level 1:colcon.colcon_core.environment:checking '/home/pk/Toy-car/ros2_ws/install/robot_control/lib'
[6.534s] Level 1:colcon.colcon_core.environment:checking '/home/pk/Toy-car/ros2_ws/install/robot_control/bin'
[6.534s] Level 1:colcon.colcon_core.environment:checking '/home/pk/Toy-car/ros2_ws/install/robot_control/lib/pkgconfig/robot_control.pc'
[6.535s] Level 1:colcon.colcon_core.environment:checking '/home/pk/Toy-car/ros2_ws/install/robot_control/lib/python3.10/site-packages'
[6.535s] Level 1:colcon.colcon_core.shell:create_environment_hook('robot_control', 'pythonpath')
[6.536s] INFO:colcon.colcon_core.shell:Creating environment hook '/home/pk/Toy-car/ros2_ws/install/robot_control/share/robot_control/hook/pythonpath.ps1'
[6.539s] INFO:colcon.colcon_core.shell:Creating environment descriptor '/home/pk/Toy-car/ros2_ws/install/robot_control/share/robot_control/hook/pythonpath.dsv'
[6.540s] INFO:colcon.colcon_core.shell:Creating environment hook '/home/pk/Toy-car/ros2_ws/install/robot_control/share/robot_control/hook/pythonpath.sh'
[6.542s] Level 1:colcon.colcon_core.environment:checking '/home/pk/Toy-car/ros2_ws/install/robot_control/bin'
[6.543s] Level 1:colcon.colcon_core.environment:create_environment_scripts_only(robot_control)
[6.544s] INFO:colcon.colcon_core.shell:Creating package script '/home/pk/Toy-car/ros2_ws/install/robot_control/share/robot_control/package.ps1'
[6.548s] INFO:colcon.colcon_core.shell:Creating package descriptor '/home/pk/Toy-car/ros2_ws/install/robot_control/share/robot_control/package.dsv'
[6.550s] INFO:colcon.colcon_core.shell:Creating package script '/home/pk/Toy-car/ros2_ws/install/robot_control/share/robot_control/package.sh'
[6.553s] INFO:colcon.colcon_core.shell:Creating package script '/home/pk/Toy-car/ros2_ws/install/robot_control/share/robot_control/package.bash'
[6.556s] INFO:colcon.colcon_core.shell:Creating package script '/home/pk/Toy-car/ros2_ws/install/robot_control/share/robot_control/package.zsh'
[6.559s] Level 1:colcon.colcon_core.environment:create_file_with_runtime_dependencies(/home/pk/Toy-car/ros2_ws/install/robot_control/share/colcon-core/packages/robot_control)
[6.561s] DEBUG:colcon.colcon_parallel_executor.executor.parallel:closing loop
[6.562s] DEBUG:colcon.colcon_parallel_executor.executor.parallel:loop closed
[6.562s] DEBUG:colcon.colcon_parallel_executor.executor.parallel:run_until_complete finished with '0'
[6.563s] DEBUG:colcon.colcon_core.event_reactor:joining thread
[6.584s] INFO:colcon.colcon_core.plugin_system:Skipping extension 'colcon_notification.desktop_notification.terminal_notifier': Not used on non-Darwin systems
[6.585s] INFO:colcon.colcon_core.plugin_system:Skipping extension 'colcon_notification.desktop_notification.win32': Not used on non-Windows systems
[6.585s] INFO:colcon.colcon_notification.desktop_notification:Sending desktop notification using 'notify2'
[6.590s] DEBUG:colcon.colcon_notification.desktop_notification.notify2:Failed to initialize notify2: org.freedesktop.DBus.Error.ServiceUnknown: The name org.freedesktop.Notifications was not provided by any .service files
[6.590s] DEBUG:colcon.colcon_core.event_reactor:joined thread
[6.591s] INFO:colcon.colcon_core.shell:Creating prefix script '/home/pk/Toy-car/ros2_ws/install/local_setup.ps1'
[6.595s] INFO:colcon.colcon_core.shell:Creating prefix util module '/home/pk/Toy-car/ros2_ws/install/_local_setup_util_ps1.py'
[6.602s] INFO:colcon.colcon_core.shell:Creating prefix chain script '/home/pk/Toy-car/ros2_ws/install/setup.ps1'
[6.609s] INFO:colcon.colcon_core.shell:Creating prefix script '/home/pk/Toy-car/ros2_ws/install/local_setup.sh'
[6.611s] INFO:colcon.colcon_core.shell:Creating prefix util module '/home/pk/Toy-car/ros2_ws/install/_local_setup_util_sh.py'
[6.613s] INFO:colcon.colcon_core.shell:Creating prefix chain script '/home/pk/Toy-car/ros2_ws/install/setup.sh'
[6.618s] INFO:colcon.colcon_core.shell:Creating prefix script '/home/pk/Toy-car/ros2_ws/install/local_setup.bash'
[6.620s] INFO:colcon.colcon_core.shell:Creating prefix chain script '/home/pk/Toy-car/ros2_ws/install/setup.bash'
[6.624s] INFO:colcon.colcon_core.shell:Creating prefix script '/home/pk/Toy-car/ros2_ws/install/local_setup.zsh'
[6.625s] INFO:colcon.colcon_core.shell:Creating prefix chain script '/home/pk/Toy-car/ros2_ws/install/setup.zsh'
