[2.897s] Invoking command in '/home/pk/Toy-car/ros2_ws/build/robot_control': PYTHONPATH=/home/pk/Toy-car/ros2_ws/build/robot_control/prefix_override:/usr/lib/python3/dist-packages/colcon_core/task/python/colcon_distutils_commands:/home/pk/Toy-car/ros2_ws/install/robot_control/lib/python3.10/site-packages:${PYTHONPATH} /usr/bin/python3 -W ignore:setup.py install is deprecated setup.py develop --editable --build-directory /home/pk/Toy-car/ros2_ws/build/robot_control/build --no-deps symlink_data
[4.076s] running develop
[4.077s] /usr/lib/python3/dist-packages/setuptools/command/easy_install.py:158: EasyInstallDeprecationWarning: easy_install command is deprecated. Use build and pip and other standards-based tools.
[4.077s]   warnings.warn(
[4.844s] running egg_info
[4.844s] creating robot_control.egg-info
[4.845s] writing robot_control.egg-info/PKG-INFO
[4.846s] writing dependency_links to robot_control.egg-info/dependency_links.txt
[4.846s] writing entry points to robot_control.egg-info/entry_points.txt
[4.847s] writing requirements to robot_control.egg-info/requires.txt
[4.847s] writing top-level names to robot_control.egg-info/top_level.txt
[4.848s] writing manifest file 'robot_control.egg-info/SOURCES.txt'
[4.855s] reading manifest file 'robot_control.egg-info/SOURCES.txt'
[4.858s] writing manifest file 'robot_control.egg-info/SOURCES.txt'
[4.864s] running build_ext
[4.864s] Creating /home/pk/Toy-car/ros2_ws/install/robot_control/lib/python3.10/site-packages/robot-control.egg-link (link to .)
[4.868s] Installing gpio_control script to /home/pk/Toy-car/ros2_ws/install/robot_control/lib/robot_control
[4.869s] Installing web_server script to /home/pk/Toy-car/ros2_ws/install/robot_control/lib/robot_control
[4.870s] 
[4.870s] Installed /home/pk/Toy-car/ros2_ws/build/robot_control
[4.871s] running symlink_data
[4.871s] creating /home/pk/Toy-car/ros2_ws/install/robot_control/share/ament_index
[4.872s] creating /home/pk/Toy-car/ros2_ws/install/robot_control/share/ament_index/resource_index
[4.872s] creating /home/pk/Toy-car/ros2_ws/install/robot_control/share/ament_index/resource_index/packages
[4.872s] symbolically linking /home/pk/Toy-car/ros2_ws/build/robot_control/resource/robot_control -> /home/pk/Toy-car/ros2_ws/install/robot_control/share/ament_index/resource_index/packages
[4.873s] symbolically linking /home/pk/Toy-car/ros2_ws/build/robot_control/package.xml -> /home/pk/Toy-car/ros2_ws/install/robot_control/share/robot_control
[4.873s] creating /home/pk/Toy-car/ros2_ws/install/robot_control/share/robot_control/launch
[4.874s] symbolically linking /home/pk/Toy-car/ros2_ws/build/robot_control/launch/robot_control_launch.py -> /home/pk/Toy-car/ros2_ws/install/robot_control/share/robot_control/launch
[4.874s] creating /home/pk/Toy-car/ros2_ws/install/robot_control/share/robot_control/templates
[4.875s] symbolically linking /home/pk/Toy-car/ros2_ws/build/robot_control/templates/control.html -> /home/pk/Toy-car/ros2_ws/install/robot_control/share/robot_control/templates
[4.875s] creating /home/pk/Toy-car/ros2_ws/install/robot_control/share/robot_control/static
[4.876s] symbolically linking /home/pk/Toy-car/ros2_ws/build/robot_control/static/forward.jpg -> /home/pk/Toy-car/ros2_ws/install/robot_control/share/robot_control/static
[4.877s] symbolically linking /home/pk/Toy-car/ros2_ws/build/robot_control/static/backward.jpg -> /home/pk/Toy-car/ros2_ws/install/robot_control/share/robot_control/static
[5.008s] Invoked command in '/home/pk/Toy-car/ros2_ws/build/robot_control' returned '0': PYTHONPATH=/home/pk/Toy-car/ros2_ws/build/robot_control/prefix_override:/usr/lib/python3/dist-packages/colcon_core/task/python/colcon_distutils_commands:/home/pk/Toy-car/ros2_ws/install/robot_control/lib/python3.10/site-packages:${PYTHONPATH} /usr/bin/python3 -W ignore:setup.py install is deprecated setup.py develop --editable --build-directory /home/pk/Toy-car/ros2_ws/build/robot_control/build --no-deps symlink_data
