[2.808s] Invoking command in '/home/pk/Toy-car/ros2_ws/build/robot_control': PYTHONPATH=/home/pk/Toy-car/ros2_ws/build/robot_control/prefix_override:/usr/lib/python3/dist-packages/colcon_core/task/python/colcon_distutils_commands:/home/pk/Toy-car/ros2_ws/install/robot_control/lib/python3.10/site-packages:${PYTHONPATH} /usr/bin/python3 -W ignore:setup.py install is deprecated setup.py develop --editable --build-directory /home/pk/Toy-car/ros2_ws/build/robot_control/build --no-deps symlink_data
[3.979s] running develop
[3.980s] /usr/lib/python3/dist-packages/setuptools/command/easy_install.py:158: EasyInstallDeprecationWarning: easy_install command is deprecated. Use build and pip and other standards-based tools.
[3.981s]   warnings.warn(
[4.741s] running egg_info
[4.741s] creating robot_control.egg-info
[4.742s] writing robot_control.egg-info/PKG-INFO
[4.743s] writing dependency_links to robot_control.egg-info/dependency_links.txt
[4.743s] writing entry points to robot_control.egg-info/entry_points.txt
[4.744s] writing requirements to robot_control.egg-info/requires.txt
[4.744s] writing top-level names to robot_control.egg-info/top_level.txt
[4.745s] writing manifest file 'robot_control.egg-info/SOURCES.txt'
[4.752s] reading manifest file 'robot_control.egg-info/SOURCES.txt'
[4.755s] writing manifest file 'robot_control.egg-info/SOURCES.txt'
[4.761s] running build_ext
[4.761s] Creating /home/pk/Toy-car/ros2_ws/install/robot_control/lib/python3.10/site-packages/robot-control.egg-link (link to .)
[4.765s] Installing gpio_control script to /home/pk/Toy-car/ros2_ws/install/robot_control/lib/robot_control
[4.765s] Installing web_server script to /home/pk/Toy-car/ros2_ws/install/robot_control/lib/robot_control
[4.767s] 
[4.767s] Installed /home/pk/Toy-car/ros2_ws/build/robot_control
[4.768s] running symlink_data
[4.768s] creating /home/pk/Toy-car/ros2_ws/install/robot_control/share/ament_index
[4.768s] creating /home/pk/Toy-car/ros2_ws/install/robot_control/share/ament_index/resource_index
[4.769s] creating /home/pk/Toy-car/ros2_ws/install/robot_control/share/ament_index/resource_index/packages
[4.769s] symbolically linking /home/pk/Toy-car/ros2_ws/build/robot_control/resource/robot_control -> /home/pk/Toy-car/ros2_ws/install/robot_control/share/ament_index/resource_index/packages
[4.770s] symbolically linking /home/pk/Toy-car/ros2_ws/build/robot_control/package.xml -> /home/pk/Toy-car/ros2_ws/install/robot_control/share/robot_control
[4.770s] creating /home/pk/Toy-car/ros2_ws/install/robot_control/share/robot_control/launch
[4.771s] symbolically linking /home/pk/Toy-car/ros2_ws/build/robot_control/launch/robot_control_launch.py -> /home/pk/Toy-car/ros2_ws/install/robot_control/share/robot_control/launch
[4.771s] creating /home/pk/Toy-car/ros2_ws/install/robot_control/share/robot_control/templates
[4.772s] symbolically linking /home/pk/Toy-car/ros2_ws/build/robot_control/templates/control.html -> /home/pk/Toy-car/ros2_ws/install/robot_control/share/robot_control/templates
[4.772s] creating /home/pk/Toy-car/ros2_ws/install/robot_control/share/robot_control/static
[4.773s] symbolically linking /home/pk/Toy-car/ros2_ws/build/robot_control/static/forward.jpg -> /home/pk/Toy-car/ros2_ws/install/robot_control/share/robot_control/static
[4.774s] symbolically linking /home/pk/Toy-car/ros2_ws/build/robot_control/static/backward.jpg -> /home/pk/Toy-car/ros2_ws/install/robot_control/share/robot_control/static
[4.905s] Invoked command in '/home/pk/Toy-car/ros2_ws/build/robot_control' returned '0': PYTHONPATH=/home/pk/Toy-car/ros2_ws/build/robot_control/prefix_override:/usr/lib/python3/dist-packages/colcon_core/task/python/colcon_distutils_commands:/home/pk/Toy-car/ros2_ws/install/robot_control/lib/python3.10/site-packages:${PYTHONPATH} /usr/bin/python3 -W ignore:setup.py install is deprecated setup.py develop --editable --build-directory /home/pk/Toy-car/ros2_ws/build/robot_control/build --no-deps symlink_data
